[2026-02-23T17:53:25.909+0000] {local_task_job_runner.py:123} INFO - ::group::Pre task execution logs
[2026-02-23T17:53:25.925+0000] {taskinstance.py:2613} INFO - Dependencies all met for dep_context=non-requeueable deps ti=<TaskInstance: weather_dbt_pipeline.dbt_run manual__2026-02-23T17:51:11.027092+00:00 [queued]>
[2026-02-23T17:53:25.932+0000] {taskinstance.py:2613} INFO - Dependencies all met for dep_context=requeueable deps ti=<TaskInstance: weather_dbt_pipeline.dbt_run manual__2026-02-23T17:51:11.027092+00:00 [queued]>
[2026-02-23T17:53:25.933+0000] {taskinstance.py:2866} INFO - Starting attempt 1 of 1
[2026-02-23T17:53:25.941+0000] {taskinstance.py:2889} INFO - Executing <Task(BashOperator): dbt_run> on 2026-02-23 17:51:11.027092+00:00
[2026-02-23T17:53:25.947+0000] {standard_task_runner.py:72} INFO - Started process 415 to run task
[2026-02-23T17:53:25.950+0000] {standard_task_runner.py:104} INFO - Running: ['***', 'tasks', 'run', 'weather_dbt_pipeline', 'dbt_run', 'manual__2026-02-23T17:51:11.027092+00:00', '--job-id', '7', '--raw', '--subdir', 'DAGS_FOLDER/weather_dbt_pipeline.py', '--cfg-path', '/tmp/tmpsj5q0njn']
[2026-02-23T17:53:25.953+0000] {standard_task_runner.py:105} INFO - Job 7: Subtask dbt_run
[2026-02-23T17:53:26.011+0000] {task_command.py:467} INFO - Running <TaskInstance: weather_dbt_pipeline.dbt_run manual__2026-02-23T17:51:11.027092+00:00 [running]> on host c6f1f190a75b
[2026-02-23T17:53:26.081+0000] {taskinstance.py:3132} INFO - Exporting env vars: AIRFLOW_CTX_DAG_OWNER='***' AIRFLOW_CTX_DAG_ID='weather_dbt_pipeline' AIRFLOW_CTX_TASK_ID='dbt_run' AIRFLOW_CTX_EXECUTION_DATE='2026-02-23T17:51:11.027092+00:00' AIRFLOW_CTX_TRY_NUMBER='1' AIRFLOW_CTX_DAG_RUN_ID='manual__2026-02-23T17:51:11.027092+00:00'
[2026-02-23T17:53:26.083+0000] {taskinstance.py:731} INFO - ::endgroup::
[2026-02-23T17:53:26.091+0000] {subprocess.py:78} INFO - Tmp dir root location: /tmp
[2026-02-23T17:53:26.092+0000] {subprocess.py:88} INFO - Running command: ['/usr/bin/bash', '-c', '\n        cd $DBT_PROJECT_DIR &&         dbt run --profiles-dir $DBT_PROFILES_DIR\n        ']
[2026-02-23T17:53:26.103+0000] {subprocess.py:99} INFO - Output:
[2026-02-23T17:53:28.252+0000] {subprocess.py:106} INFO - [0m17:53:28  Running with dbt=1.10.7
[2026-02-23T17:53:28.515+0000] {subprocess.py:106} INFO - [0m17:53:28  Registered adapter: postgres=1.9.0
[2026-02-23T17:53:29.409+0000] {subprocess.py:106} INFO - [0m17:53:29  Found 4 models, 14 data tests, 1 source, 435 macros
[2026-02-23T17:53:29.412+0000] {subprocess.py:106} INFO - [0m17:53:29
[2026-02-23T17:53:29.413+0000] {subprocess.py:106} INFO - [0m17:53:29  Concurrency: 1 threads (target='dev')
[2026-02-23T17:53:29.415+0000] {subprocess.py:106} INFO - [0m17:53:29
[2026-02-23T17:53:29.590+0000] {subprocess.py:106} INFO - [0m17:53:29  1 of 4 START sql view model silver.stg_weather ................................. [RUN]
[2026-02-23T17:53:29.665+0000] {subprocess.py:106} INFO - [0m17:53:29  1 of 4 ERROR creating sql view model silver.stg_weather ........................ [[31mERROR[0m in 0.07s]
[2026-02-23T17:53:29.669+0000] {subprocess.py:106} INFO - [0m17:53:29  2 of 4 SKIP relation gold.dim_date ............................................. [[33mSKIP[0m]
[2026-02-23T17:53:29.671+0000] {subprocess.py:106} INFO - [0m17:53:29  3 of 4 SKIP relation gold.dim_location ......................................... [[33mSKIP[0m]
[2026-02-23T17:53:29.674+0000] {subprocess.py:106} INFO - [0m17:53:29  4 of 4 SKIP relation gold.fct_weather_daily .................................... [[33mSKIP[0m]
[2026-02-23T17:53:29.690+0000] {subprocess.py:106} INFO - [0m17:53:29
[2026-02-23T17:53:29.691+0000] {subprocess.py:106} INFO - [0m17:53:29  Finished running 3 table models, 1 view model in 0 hours 0 minutes and 0.27 seconds (0.27s).
[2026-02-23T17:53:29.735+0000] {subprocess.py:106} INFO - [0m17:53:29
[2026-02-23T17:53:29.736+0000] {subprocess.py:106} INFO - [0m17:53:29  [31mCompleted with 1 error, 0 partial successes, and 0 warnings:[0m
[2026-02-23T17:53:29.737+0000] {subprocess.py:106} INFO - [0m17:53:29
[2026-02-23T17:53:29.738+0000] {subprocess.py:106} INFO - [0m17:53:29  [31mFailure in model stg_weather (models/silver/stg_weather.sql)[0m
[2026-02-23T17:53:29.739+0000] {subprocess.py:106} INFO - [0m17:53:29    Database Error in model stg_weather (models/silver/stg_weather.sql)
[2026-02-23T17:53:29.740+0000] {subprocess.py:106} INFO -   type "string" does not exist
[2026-02-23T17:53:29.740+0000] {subprocess.py:106} INFO -   LINE 28:             city_name || '|' || CAST(day AS STRING)) AS weat...
[2026-02-23T17:53:29.741+0000] {subprocess.py:106} INFO -                                                        ^
[2026-02-23T17:53:29.742+0000] {subprocess.py:106} INFO -   compiled code at target/run/weather_dbt/models/silver/stg_weather.sql
[2026-02-23T17:53:29.743+0000] {subprocess.py:106} INFO - [0m17:53:29
[2026-02-23T17:53:29.743+0000] {subprocess.py:106} INFO - [0m17:53:29    compiled code at target/compiled/weather_dbt/models/silver/stg_weather.sql
[2026-02-23T17:53:29.744+0000] {subprocess.py:106} INFO - [0m17:53:29
[2026-02-23T17:53:29.745+0000] {subprocess.py:106} INFO - [0m17:53:29  Done. PASS=0 WARN=0 ERROR=1 SKIP=3 NO-OP=0 TOTAL=4
[2026-02-23T17:53:31.487+0000] {subprocess.py:110} INFO - Command exited with return code 1
[2026-02-23T17:53:31.500+0000] {taskinstance.py:3311} ERROR - Task failed with exception
Traceback (most recent call last):
  File "/home/airflow/.local/lib/python3.11/site-packages/airflow/models/taskinstance.py", line 767, in _execute_task
    result = _execute_callable(context=context, **execute_callable_kwargs)
             ^^^^^^^^^^^^^^^^^^^^^^^^^^^^^^^^^^^^^^^^^^^^^^^^^^^^^^^^^^^^^
  File "/home/airflow/.local/lib/python3.11/site-packages/airflow/models/taskinstance.py", line 733, in _execute_callable
    return ExecutionCallableRunner(
           ^^^^^^^^^^^^^^^^^^^^^^^^
  File "/home/airflow/.local/lib/python3.11/site-packages/airflow/utils/operator_helpers.py", line 252, in run
    return self.func(*args, **kwargs)
           ^^^^^^^^^^^^^^^^^^^^^^^^^^
  File "/home/airflow/.local/lib/python3.11/site-packages/airflow/models/baseoperator.py", line 417, in wrapper
    return func(self, *args, **kwargs)
           ^^^^^^^^^^^^^^^^^^^^^^^^^^^
  File "/home/airflow/.local/lib/python3.11/site-packages/airflow/operators/bash.py", line 276, in execute
    raise AirflowException(
airflow.exceptions.AirflowException: Bash command failed. The command returned a non-zero exit code 1.
[2026-02-23T17:53:31.505+0000] {taskinstance.py:1225} INFO - Marking task as FAILED. dag_id=weather_dbt_pipeline, task_id=dbt_run, run_id=manual__2026-02-23T17:51:11.027092+00:00, execution_date=20260223T175111, start_date=20260223T175325, end_date=20260223T175331
[2026-02-23T17:53:31.518+0000] {taskinstance.py:340} INFO - ::group::Post task execution logs
[2026-02-23T17:53:31.519+0000] {standard_task_runner.py:124} ERROR - Failed to execute job 7 for task dbt_run (Bash command failed. The command returned a non-zero exit code 1.; 415)
Traceback (most recent call last):
  File "/home/airflow/.local/lib/python3.11/site-packages/airflow/task/task_runner/standard_task_runner.py", line 117, in _start_by_fork
    ret = args.func(args, dag=self.dag)
          ^^^^^^^^^^^^^^^^^^^^^^^^^^^^^
  File "/home/airflow/.local/lib/python3.11/site-packages/airflow/cli/cli_config.py", line 49, in command
    return func(*args, **kwargs)
           ^^^^^^^^^^^^^^^^^^^^^
  File "/home/airflow/.local/lib/python3.11/site-packages/airflow/utils/cli.py", line 116, in wrapper
    return f(*args, **kwargs)
           ^^^^^^^^^^^^^^^^^^
  File "/home/airflow/.local/lib/python3.11/site-packages/airflow/cli/commands/task_command.py", line 483, in task_run
    task_return_code = _run_task_by_selected_method(args, _dag, ti)
                       ^^^^^^^^^^^^^^^^^^^^^^^^^^^^^^^^^^^^^^^^^^^^
  File "/home/airflow/.local/lib/python3.11/site-packages/airflow/cli/commands/task_command.py", line 256, in _run_task_by_selected_method
    return _run_raw_task(args, ti)
           ^^^^^^^^^^^^^^^^^^^^^^^
  File "/home/airflow/.local/lib/python3.11/site-packages/airflow/cli/commands/task_command.py", line 341, in _run_raw_task
    return ti._run_raw_task(
           ^^^^^^^^^^^^^^^^^
  File "/home/airflow/.local/lib/python3.11/site-packages/airflow/utils/session.py", line 97, in wrapper
    return func(*args, session=session, **kwargs)
           ^^^^^^^^^^^^^^^^^^^^^^^^^^^^^^^^^^^^^^
  File "/home/airflow/.local/lib/python3.11/site-packages/airflow/models/taskinstance.py", line 3005, in _run_raw_task
    return _run_raw_task(
           ^^^^^^^^^^^^^^
  File "/home/airflow/.local/lib/python3.11/site-packages/airflow/models/taskinstance.py", line 273, in _run_raw_task
    TaskInstance._execute_task_with_callbacks(
  File "/home/airflow/.local/lib/python3.11/site-packages/airflow/models/taskinstance.py", line 3159, in _execute_task_with_callbacks
    result = self._execute_task(context, task_orig)
             ^^^^^^^^^^^^^^^^^^^^^^^^^^^^^^^^^^^^^^
  File "/home/airflow/.local/lib/python3.11/site-packages/airflow/models/taskinstance.py", line 3183, in _execute_task
    return _execute_task(self, context, task_orig)
           ^^^^^^^^^^^^^^^^^^^^^^^^^^^^^^^^^^^^^^^
  File "/home/airflow/.local/lib/python3.11/site-packages/airflow/models/taskinstance.py", line 767, in _execute_task
    result = _execute_callable(context=context, **execute_callable_kwargs)
             ^^^^^^^^^^^^^^^^^^^^^^^^^^^^^^^^^^^^^^^^^^^^^^^^^^^^^^^^^^^^^
  File "/home/airflow/.local/lib/python3.11/site-packages/airflow/models/taskinstance.py", line 733, in _execute_callable
    return ExecutionCallableRunner(
           ^^^^^^^^^^^^^^^^^^^^^^^^
  File "/home/airflow/.local/lib/python3.11/site-packages/airflow/utils/operator_helpers.py", line 252, in run
    return self.func(*args, **kwargs)
           ^^^^^^^^^^^^^^^^^^^^^^^^^^
  File "/home/airflow/.local/lib/python3.11/site-packages/airflow/models/baseoperator.py", line 417, in wrapper
    return func(self, *args, **kwargs)
           ^^^^^^^^^^^^^^^^^^^^^^^^^^^
  File "/home/airflow/.local/lib/python3.11/site-packages/airflow/operators/bash.py", line 276, in execute
    raise AirflowException(
airflow.exceptions.AirflowException: Bash command failed. The command returned a non-zero exit code 1.
[2026-02-23T17:53:31.545+0000] {local_task_job_runner.py:266} INFO - Task exited with return code 1
[2026-02-23T17:53:31.563+0000] {taskinstance.py:3895} INFO - 0 downstream tasks scheduled from follow-on schedule check
[2026-02-23T17:53:31.567+0000] {local_task_job_runner.py:245} INFO - ::endgroup::
