[2026-02-23T14:05:28.860+0000] {local_task_job_runner.py:123} INFO - ::group::Pre task execution logs
[2026-02-23T14:05:28.876+0000] {taskinstance.py:2613} INFO - Dependencies all met for dep_context=non-requeueable deps ti=<TaskInstance: weather_dbt_pipeline.dbt_run manual__2026-02-23T14:05:25.261177+00:00 [queued]>
[2026-02-23T14:05:28.882+0000] {taskinstance.py:2613} INFO - Dependencies all met for dep_context=requeueable deps ti=<TaskInstance: weather_dbt_pipeline.dbt_run manual__2026-02-23T14:05:25.261177+00:00 [queued]>
[2026-02-23T14:05:28.883+0000] {taskinstance.py:2866} INFO - Starting attempt 1 of 1
[2026-02-23T14:05:28.892+0000] {taskinstance.py:2889} INFO - Executing <Task(BashOperator): dbt_run> on 2026-02-23 14:05:25.261177+00:00
[2026-02-23T14:05:28.899+0000] {standard_task_runner.py:72} INFO - Started process 280 to run task
[2026-02-23T14:05:28.902+0000] {standard_task_runner.py:104} INFO - Running: ['***', 'tasks', 'run', 'weather_dbt_pipeline', 'dbt_run', 'manual__2026-02-23T14:05:25.261177+00:00', '--job-id', '10', '--raw', '--subdir', 'DAGS_FOLDER/weather_dbt_pipeline.py', '--cfg-path', '/tmp/tmpvv1_2u7o']
[2026-02-23T14:05:28.904+0000] {standard_task_runner.py:105} INFO - Job 10: Subtask dbt_run
[2026-02-23T14:05:28.966+0000] {task_command.py:467} INFO - Running <TaskInstance: weather_dbt_pipeline.dbt_run manual__2026-02-23T14:05:25.261177+00:00 [running]> on host 0dfe855493e3
[2026-02-23T14:05:29.037+0000] {taskinstance.py:3132} INFO - Exporting env vars: AIRFLOW_CTX_DAG_OWNER='***' AIRFLOW_CTX_DAG_ID='weather_dbt_pipeline' AIRFLOW_CTX_TASK_ID='dbt_run' AIRFLOW_CTX_EXECUTION_DATE='2026-02-23T14:05:25.261177+00:00' AIRFLOW_CTX_TRY_NUMBER='1' AIRFLOW_CTX_DAG_RUN_ID='manual__2026-02-23T14:05:25.261177+00:00'
[2026-02-23T14:05:29.039+0000] {taskinstance.py:731} INFO - ::endgroup::
[2026-02-23T14:05:29.047+0000] {subprocess.py:78} INFO - Tmp dir root location: /tmp
[2026-02-23T14:05:29.049+0000] {subprocess.py:88} INFO - Running command: ['/usr/bin/bash', '-c', '\n        cd $DBT_PROJECT_DIR &&         dbt run --profiles-dir $DBT_PROFILES_DIR\n        ']
[2026-02-23T14:05:29.061+0000] {subprocess.py:99} INFO - Output:
[2026-02-23T14:05:30.482+0000] {subprocess.py:106} INFO - [0m14:05:30  Running with dbt=1.10.7
[2026-02-23T14:05:30.637+0000] {subprocess.py:106} INFO - [0m14:05:30  Registered adapter: postgres=1.9.0
[2026-02-23T14:05:30.715+0000] {subprocess.py:106} INFO - [0m14:05:30  Unable to do partial parsing because saved manifest not found. Starting full parse.
[2026-02-23T14:05:31.720+0000] {subprocess.py:106} INFO - [0m14:05:31  Found 4 models, 2 data tests, 1 source, 435 macros
[2026-02-23T14:05:31.722+0000] {subprocess.py:106} INFO - [0m14:05:31
[2026-02-23T14:05:31.723+0000] {subprocess.py:106} INFO - [0m14:05:31  Concurrency: 1 threads (target='dev')
[2026-02-23T14:05:31.724+0000] {subprocess.py:106} INFO - [0m14:05:31
[2026-02-23T14:05:31.884+0000] {subprocess.py:106} INFO - [0m14:05:31  1 of 4 START sql view model silver.stg_weather ................................. [RUN]
[2026-02-23T14:05:31.996+0000] {subprocess.py:106} INFO - [0m14:05:31  1 of 4 OK created sql view model silver.stg_weather ............................ [[32mCREATE VIEW[0m in 0.11s]
[2026-02-23T14:05:31.999+0000] {subprocess.py:106} INFO - [0m14:05:31  2 of 4 START sql table model gold.dim_date ..................................... [RUN]
[2026-02-23T14:05:32.012+0000] {subprocess.py:106} INFO - [0m14:05:32  2 of 4 ERROR creating sql table model gold.dim_date ............................ [[31mERROR[0m in 0.01s]
[2026-02-23T14:05:32.016+0000] {subprocess.py:106} INFO - [0m14:05:32  3 of 4 START sql table model gold.dim_location ................................. [RUN]
[2026-02-23T14:05:32.102+0000] {subprocess.py:106} INFO - [0m14:05:32  3 of 4 OK created sql table model gold.dim_location ............................ [[32mSELECT 1[0m in 0.08s]
[2026-02-23T14:05:32.105+0000] {subprocess.py:106} INFO - [0m14:05:32  4 of 4 START sql table model gold.fct_weather_daily ............................ [RUN]
[2026-02-23T14:05:32.160+0000] {subprocess.py:106} INFO - [0m14:05:32  4 of 4 OK created sql table model gold.fct_weather_daily ....................... [[32mSELECT 14[0m in 0.05s]
[2026-02-23T14:05:32.179+0000] {subprocess.py:106} INFO - [0m14:05:32
[2026-02-23T14:05:32.180+0000] {subprocess.py:106} INFO - [0m14:05:32  Finished running 3 table models, 1 view model in 0 hours 0 minutes and 0.45 seconds (0.45s).
[2026-02-23T14:05:32.226+0000] {subprocess.py:106} INFO - [0m14:05:32
[2026-02-23T14:05:32.228+0000] {subprocess.py:106} INFO - [0m14:05:32  [31mCompleted with 1 error, 0 partial successes, and 0 warnings:[0m
[2026-02-23T14:05:32.229+0000] {subprocess.py:106} INFO - [0m14:05:32
[2026-02-23T14:05:32.230+0000] {subprocess.py:106} INFO - [0m14:05:32  [31mFailure in model dim_date (models/gold/dim_date.sql)[0m
[2026-02-23T14:05:32.231+0000] {subprocess.py:106} INFO - [0m14:05:32    Compilation Error in model dim_date (models/gold/dim_date.sql)
[2026-02-23T14:05:32.232+0000] {subprocess.py:106} INFO -   'congif' is undefined. This can happen when calling a macro that does not exist. Check for typos and/or install package dependencies with "dbt deps".
[2026-02-23T14:05:32.233+0000] {subprocess.py:106} INFO - [0m14:05:32
[2026-02-23T14:05:32.234+0000] {subprocess.py:106} INFO - [0m14:05:32  Done. PASS=3 WARN=0 ERROR=1 SKIP=0 NO-OP=0 TOTAL=4
[2026-02-23T14:05:33.915+0000] {subprocess.py:110} INFO - Command exited with return code 1
[2026-02-23T14:05:33.928+0000] {taskinstance.py:3311} ERROR - Task failed with exception
Traceback (most recent call last):
  File "/home/airflow/.local/lib/python3.11/site-packages/airflow/models/taskinstance.py", line 767, in _execute_task
    result = _execute_callable(context=context, **execute_callable_kwargs)
             ^^^^^^^^^^^^^^^^^^^^^^^^^^^^^^^^^^^^^^^^^^^^^^^^^^^^^^^^^^^^^
  File "/home/airflow/.local/lib/python3.11/site-packages/airflow/models/taskinstance.py", line 733, in _execute_callable
    return ExecutionCallableRunner(
           ^^^^^^^^^^^^^^^^^^^^^^^^
  File "/home/airflow/.local/lib/python3.11/site-packages/airflow/utils/operator_helpers.py", line 252, in run
    return self.func(*args, **kwargs)
           ^^^^^^^^^^^^^^^^^^^^^^^^^^
  File "/home/airflow/.local/lib/python3.11/site-packages/airflow/models/baseoperator.py", line 417, in wrapper
    return func(self, *args, **kwargs)
           ^^^^^^^^^^^^^^^^^^^^^^^^^^^
  File "/home/airflow/.local/lib/python3.11/site-packages/airflow/operators/bash.py", line 276, in execute
    raise AirflowException(
airflow.exceptions.AirflowException: Bash command failed. The command returned a non-zero exit code 1.
[2026-02-23T14:05:33.932+0000] {taskinstance.py:1225} INFO - Marking task as FAILED. dag_id=weather_dbt_pipeline, task_id=dbt_run, run_id=manual__2026-02-23T14:05:25.261177+00:00, execution_date=20260223T140525, start_date=20260223T140528, end_date=20260223T140533
[2026-02-23T14:05:33.960+0000] {taskinstance.py:340} INFO - ::group::Post task execution logs
[2026-02-23T14:05:33.961+0000] {standard_task_runner.py:124} ERROR - Failed to execute job 10 for task dbt_run (Bash command failed. The command returned a non-zero exit code 1.; 280)
Traceback (most recent call last):
  File "/home/airflow/.local/lib/python3.11/site-packages/airflow/task/task_runner/standard_task_runner.py", line 117, in _start_by_fork
    ret = args.func(args, dag=self.dag)
          ^^^^^^^^^^^^^^^^^^^^^^^^^^^^^
  File "/home/airflow/.local/lib/python3.11/site-packages/airflow/cli/cli_config.py", line 49, in command
    return func(*args, **kwargs)
           ^^^^^^^^^^^^^^^^^^^^^
  File "/home/airflow/.local/lib/python3.11/site-packages/airflow/utils/cli.py", line 116, in wrapper
    return f(*args, **kwargs)
           ^^^^^^^^^^^^^^^^^^
  File "/home/airflow/.local/lib/python3.11/site-packages/airflow/cli/commands/task_command.py", line 483, in task_run
    task_return_code = _run_task_by_selected_method(args, _dag, ti)
                       ^^^^^^^^^^^^^^^^^^^^^^^^^^^^^^^^^^^^^^^^^^^^
  File "/home/airflow/.local/lib/python3.11/site-packages/airflow/cli/commands/task_command.py", line 256, in _run_task_by_selected_method
    return _run_raw_task(args, ti)
           ^^^^^^^^^^^^^^^^^^^^^^^
  File "/home/airflow/.local/lib/python3.11/site-packages/airflow/cli/commands/task_command.py", line 341, in _run_raw_task
    return ti._run_raw_task(
           ^^^^^^^^^^^^^^^^^
  File "/home/airflow/.local/lib/python3.11/site-packages/airflow/utils/session.py", line 97, in wrapper
    return func(*args, session=session, **kwargs)
           ^^^^^^^^^^^^^^^^^^^^^^^^^^^^^^^^^^^^^^
  File "/home/airflow/.local/lib/python3.11/site-packages/airflow/models/taskinstance.py", line 3005, in _run_raw_task
    return _run_raw_task(
           ^^^^^^^^^^^^^^
  File "/home/airflow/.local/lib/python3.11/site-packages/airflow/models/taskinstance.py", line 273, in _run_raw_task
    TaskInstance._execute_task_with_callbacks(
  File "/home/airflow/.local/lib/python3.11/site-packages/airflow/models/taskinstance.py", line 3159, in _execute_task_with_callbacks
    result = self._execute_task(context, task_orig)
             ^^^^^^^^^^^^^^^^^^^^^^^^^^^^^^^^^^^^^^
  File "/home/airflow/.local/lib/python3.11/site-packages/airflow/models/taskinstance.py", line 3183, in _execute_task
    return _execute_task(self, context, task_orig)
           ^^^^^^^^^^^^^^^^^^^^^^^^^^^^^^^^^^^^^^^
  File "/home/airflow/.local/lib/python3.11/site-packages/airflow/models/taskinstance.py", line 767, in _execute_task
    result = _execute_callable(context=context, **execute_callable_kwargs)
             ^^^^^^^^^^^^^^^^^^^^^^^^^^^^^^^^^^^^^^^^^^^^^^^^^^^^^^^^^^^^^
  File "/home/airflow/.local/lib/python3.11/site-packages/airflow/models/taskinstance.py", line 733, in _execute_callable
    return ExecutionCallableRunner(
           ^^^^^^^^^^^^^^^^^^^^^^^^
  File "/home/airflow/.local/lib/python3.11/site-packages/airflow/utils/operator_helpers.py", line 252, in run
    return self.func(*args, **kwargs)
           ^^^^^^^^^^^^^^^^^^^^^^^^^^
  File "/home/airflow/.local/lib/python3.11/site-packages/airflow/models/baseoperator.py", line 417, in wrapper
    return func(self, *args, **kwargs)
           ^^^^^^^^^^^^^^^^^^^^^^^^^^^
  File "/home/airflow/.local/lib/python3.11/site-packages/airflow/operators/bash.py", line 276, in execute
    raise AirflowException(
airflow.exceptions.AirflowException: Bash command failed. The command returned a non-zero exit code 1.
[2026-02-23T14:05:33.972+0000] {local_task_job_runner.py:266} INFO - Task exited with return code 1
[2026-02-23T14:05:33.990+0000] {taskinstance.py:3895} INFO - 0 downstream tasks scheduled from follow-on schedule check
[2026-02-23T14:05:33.993+0000] {local_task_job_runner.py:245} INFO - ::endgroup::
