[2026-02-23T18:09:08.150+0000] {local_task_job_runner.py:123} INFO - ::group::Pre task execution logs
[2026-02-23T18:09:08.166+0000] {taskinstance.py:2613} INFO - Dependencies all met for dep_context=non-requeueable deps ti=<TaskInstance: weather_dbt_pipeline.dbt_test manual__2026-02-23T18:08:54.015589+00:00 [queued]>
[2026-02-23T18:09:08.171+0000] {taskinstance.py:2613} INFO - Dependencies all met for dep_context=requeueable deps ti=<TaskInstance: weather_dbt_pipeline.dbt_test manual__2026-02-23T18:08:54.015589+00:00 [queued]>
[2026-02-23T18:09:08.172+0000] {taskinstance.py:2866} INFO - Starting attempt 1 of 1
[2026-02-23T18:09:08.182+0000] {taskinstance.py:2889} INFO - Executing <Task(BashOperator): dbt_test> on 2026-02-23 18:08:54.015589+00:00
[2026-02-23T18:09:08.188+0000] {standard_task_runner.py:72} INFO - Started process 791 to run task
[2026-02-23T18:09:08.191+0000] {standard_task_runner.py:104} INFO - Running: ['***', 'tasks', 'run', 'weather_dbt_pipeline', 'dbt_test', 'manual__2026-02-23T18:08:54.015589+00:00', '--job-id', '24', '--raw', '--subdir', 'DAGS_FOLDER/weather_dbt_pipeline.py', '--cfg-path', '/tmp/tmpbj13nhx6']
[2026-02-23T18:09:08.194+0000] {standard_task_runner.py:105} INFO - Job 24: Subtask dbt_test
[2026-02-23T18:09:08.251+0000] {task_command.py:467} INFO - Running <TaskInstance: weather_dbt_pipeline.dbt_test manual__2026-02-23T18:08:54.015589+00:00 [running]> on host c6f1f190a75b
[2026-02-23T18:09:08.322+0000] {taskinstance.py:3132} INFO - Exporting env vars: AIRFLOW_CTX_DAG_OWNER='***' AIRFLOW_CTX_DAG_ID='weather_dbt_pipeline' AIRFLOW_CTX_TASK_ID='dbt_test' AIRFLOW_CTX_EXECUTION_DATE='2026-02-23T18:08:54.015589+00:00' AIRFLOW_CTX_TRY_NUMBER='1' AIRFLOW_CTX_DAG_RUN_ID='manual__2026-02-23T18:08:54.015589+00:00'
[2026-02-23T18:09:08.324+0000] {taskinstance.py:731} INFO - ::endgroup::
[2026-02-23T18:09:08.332+0000] {subprocess.py:78} INFO - Tmp dir root location: /tmp
[2026-02-23T18:09:08.334+0000] {subprocess.py:88} INFO - Running command: ['/usr/bin/bash', '-c', '\n        cd $DBT_PROJECT_DIR &&         dbt test --profiles-dir $DBT_PROFILES_DIR\n        ']
[2026-02-23T18:09:08.345+0000] {subprocess.py:99} INFO - Output:
[2026-02-23T18:09:09.769+0000] {subprocess.py:106} INFO - [0m18:09:09  Running with dbt=1.10.7
[2026-02-23T18:09:09.927+0000] {subprocess.py:106} INFO - [0m18:09:09  Registered adapter: postgres=1.9.0
[2026-02-23T18:09:10.374+0000] {subprocess.py:106} INFO - [0m18:09:10  Found 4 models, 13 data tests, 1 source, 435 macros
[2026-02-23T18:09:10.377+0000] {subprocess.py:106} INFO - [0m18:09:10
[2026-02-23T18:09:10.378+0000] {subprocess.py:106} INFO - [0m18:09:10  Concurrency: 1 threads (target='dev')
[2026-02-23T18:09:10.379+0000] {subprocess.py:106} INFO - [0m18:09:10
[2026-02-23T18:09:10.560+0000] {subprocess.py:106} INFO - [0m18:09:10  1 of 13 START test accepted_values_stg_weather_city_name__Kathmandu__Pokhara__Biratnagar__Birgunj  [RUN]
[2026-02-23T18:09:10.627+0000] {subprocess.py:106} INFO - [0m18:09:10  1 of 13 PASS accepted_values_stg_weather_city_name__Kathmandu__Pokhara__Biratnagar__Birgunj  [[32mPASS[0m in 0.07s]
[2026-02-23T18:09:10.630+0000] {subprocess.py:106} INFO - [0m18:09:10  2 of 13 START test expression_is_true_stg_weather_precipitation_mm__precipitation_mm_0  [RUN]
[2026-02-23T18:09:10.644+0000] {subprocess.py:106} INFO - [0m18:09:10  2 of 13 ERROR expression_is_true_stg_weather_precipitation_mm__precipitation_mm_0  [[31mERROR[0m in 0.01s]
[2026-02-23T18:09:10.647+0000] {subprocess.py:106} INFO - [0m18:09:10  3 of 13 START test expression_is_true_stg_weather_temp_max_celsius__temp_max_celsius_50_AND_temp_max_celsius_50  [RUN]
[2026-02-23T18:09:10.655+0000] {subprocess.py:106} INFO - [0m18:09:10  3 of 13 ERROR expression_is_true_stg_weather_temp_max_celsius__temp_max_celsius_50_AND_temp_max_celsius_50  [[31mERROR[0m in 0.01s]
[2026-02-23T18:09:10.659+0000] {subprocess.py:106} INFO - [0m18:09:10  4 of 13 START test not_null_stg_weather_city_name .............................. [RUN]
[2026-02-23T18:09:10.707+0000] {subprocess.py:106} INFO - [0m18:09:10  4 of 13 PASS not_null_stg_weather_city_name .................................... [[32mPASS[0m in 0.05s]
[2026-02-23T18:09:10.710+0000] {subprocess.py:106} INFO - [0m18:09:10  5 of 13 START test not_null_stg_weather_ingested_at ............................ [RUN]
[2026-02-23T18:09:10.759+0000] {subprocess.py:106} INFO - [0m18:09:10  5 of 13 PASS not_null_stg_weather_ingested_at .................................. [[32mPASS[0m in 0.05s]
[2026-02-23T18:09:10.763+0000] {subprocess.py:106} INFO - [0m18:09:10  6 of 13 START test not_null_stg_weather_latitude ............................... [RUN]
[2026-02-23T18:09:10.809+0000] {subprocess.py:106} INFO - [0m18:09:10  6 of 13 PASS not_null_stg_weather_latitude ..................................... [[32mPASS[0m in 0.04s]
[2026-02-23T18:09:10.812+0000] {subprocess.py:106} INFO - [0m18:09:10  7 of 13 START test not_null_stg_weather_longitude .............................. [RUN]
[2026-02-23T18:09:10.856+0000] {subprocess.py:106} INFO - [0m18:09:10  7 of 13 PASS not_null_stg_weather_longitude .................................... [[32mPASS[0m in 0.04s]
[2026-02-23T18:09:10.858+0000] {subprocess.py:106} INFO - [0m18:09:10  8 of 13 START test not_null_stg_weather_observation_date ....................... [RUN]
[2026-02-23T18:09:10.904+0000] {subprocess.py:106} INFO - [0m18:09:10  8 of 13 PASS not_null_stg_weather_observation_date ............................. [[32mPASS[0m in 0.04s]
[2026-02-23T18:09:10.907+0000] {subprocess.py:106} INFO - [0m18:09:10  9 of 13 START test not_null_stg_weather_precipitation_mm ....................... [RUN]
[2026-02-23T18:09:10.950+0000] {subprocess.py:106} INFO - [0m18:09:10  9 of 13 PASS not_null_stg_weather_precipitation_mm ............................. [[32mPASS[0m in 0.04s]
[2026-02-23T18:09:10.953+0000] {subprocess.py:106} INFO - [0m18:09:10  10 of 13 START test not_null_stg_weather_temp_max_celsius ...................... [RUN]
[2026-02-23T18:09:10.995+0000] {subprocess.py:106} INFO - [0m18:09:10  10 of 13 PASS not_null_stg_weather_temp_max_celsius ............................ [[32mPASS[0m in 0.04s]
[2026-02-23T18:09:10.997+0000] {subprocess.py:106} INFO - [0m18:09:10  11 of 13 START test not_null_stg_weather_temp_min_celsius ...................... [RUN]
[2026-02-23T18:09:11.040+0000] {subprocess.py:106} INFO - [0m18:09:11  11 of 13 PASS not_null_stg_weather_temp_min_celsius ............................ [[32mPASS[0m in 0.04s]
[2026-02-23T18:09:11.043+0000] {subprocess.py:106} INFO - [0m18:09:11  12 of 13 START test not_null_stg_weather_weather_surrogate_key ................. [RUN]
[2026-02-23T18:09:11.086+0000] {subprocess.py:106} INFO - [0m18:09:11  12 of 13 PASS not_null_stg_weather_weather_surrogate_key ....................... [[32mPASS[0m in 0.04s]
[2026-02-23T18:09:11.089+0000] {subprocess.py:106} INFO - [0m18:09:11  13 of 13 START test unique_stg_weather_weather_surrogate_key ................... [RUN]
[2026-02-23T18:09:11.131+0000] {subprocess.py:106} INFO - [0m18:09:11  13 of 13 PASS unique_stg_weather_weather_surrogate_key ......................... [[32mPASS[0m in 0.04s]
[2026-02-23T18:09:11.150+0000] {subprocess.py:106} INFO - [0m18:09:11
[2026-02-23T18:09:11.151+0000] {subprocess.py:106} INFO - [0m18:09:11  Finished running 13 data tests in 0 hours 0 minutes and 0.77 seconds (0.77s).
[2026-02-23T18:09:11.199+0000] {subprocess.py:106} INFO - [0m18:09:11
[2026-02-23T18:09:11.200+0000] {subprocess.py:106} INFO - [0m18:09:11  [31mCompleted with 2 errors, 0 partial successes, and 0 warnings:[0m
[2026-02-23T18:09:11.200+0000] {subprocess.py:106} INFO - [0m18:09:11
[2026-02-23T18:09:11.201+0000] {subprocess.py:106} INFO - [0m18:09:11  [31mFailure in test expression_is_true_stg_weather_precipitation_mm__precipitation_mm_0 (models/silver/schema.yml)[0m
[2026-02-23T18:09:11.202+0000] {subprocess.py:106} INFO - [0m18:09:11    Compilation Error in test expression_is_true_stg_weather_precipitation_mm__precipitation_mm_0 (models/silver/schema.yml)
[2026-02-23T18:09:11.203+0000] {subprocess.py:106} INFO -   'test_expression_is_true' is undefined. This can happen when calling a macro that does not exist. Check for typos and/or install package dependencies with "dbt deps".
[2026-02-23T18:09:11.204+0000] {subprocess.py:106} INFO - [0m18:09:11
[2026-02-23T18:09:11.204+0000] {subprocess.py:106} INFO - [0m18:09:11  [31mFailure in test expression_is_true_stg_weather_temp_max_celsius__temp_max_celsius_50_AND_temp_max_celsius_50 (models/silver/schema.yml)[0m
[2026-02-23T18:09:11.205+0000] {subprocess.py:106} INFO - [0m18:09:11    Compilation Error in test expression_is_true_stg_weather_temp_max_celsius__temp_max_celsius_50_AND_temp_max_celsius_50 (models/silver/schema.yml)
[2026-02-23T18:09:11.206+0000] {subprocess.py:106} INFO -   'test_expression_is_true' is undefined. This can happen when calling a macro that does not exist. Check for typos and/or install package dependencies with "dbt deps".
[2026-02-23T18:09:11.207+0000] {subprocess.py:106} INFO - [0m18:09:11
[2026-02-23T18:09:11.207+0000] {subprocess.py:106} INFO - [0m18:09:11  Done. PASS=11 WARN=0 ERROR=2 SKIP=0 NO-OP=0 TOTAL=13
[2026-02-23T18:09:12.673+0000] {subprocess.py:110} INFO - Command exited with return code 1
[2026-02-23T18:09:12.685+0000] {taskinstance.py:3311} ERROR - Task failed with exception
Traceback (most recent call last):
  File "/home/airflow/.local/lib/python3.11/site-packages/airflow/models/taskinstance.py", line 767, in _execute_task
    result = _execute_callable(context=context, **execute_callable_kwargs)
             ^^^^^^^^^^^^^^^^^^^^^^^^^^^^^^^^^^^^^^^^^^^^^^^^^^^^^^^^^^^^^
  File "/home/airflow/.local/lib/python3.11/site-packages/airflow/models/taskinstance.py", line 733, in _execute_callable
    return ExecutionCallableRunner(
           ^^^^^^^^^^^^^^^^^^^^^^^^
  File "/home/airflow/.local/lib/python3.11/site-packages/airflow/utils/operator_helpers.py", line 252, in run
    return self.func(*args, **kwargs)
           ^^^^^^^^^^^^^^^^^^^^^^^^^^
  File "/home/airflow/.local/lib/python3.11/site-packages/airflow/models/baseoperator.py", line 417, in wrapper
    return func(self, *args, **kwargs)
           ^^^^^^^^^^^^^^^^^^^^^^^^^^^
  File "/home/airflow/.local/lib/python3.11/site-packages/airflow/operators/bash.py", line 276, in execute
    raise AirflowException(
airflow.exceptions.AirflowException: Bash command failed. The command returned a non-zero exit code 1.
[2026-02-23T18:09:12.690+0000] {taskinstance.py:1225} INFO - Marking task as FAILED. dag_id=weather_dbt_pipeline, task_id=dbt_test, run_id=manual__2026-02-23T18:08:54.015589+00:00, execution_date=20260223T180854, start_date=20260223T180908, end_date=20260223T180912
[2026-02-23T18:09:12.701+0000] {taskinstance.py:340} INFO - ::group::Post task execution logs
[2026-02-23T18:09:12.702+0000] {standard_task_runner.py:124} ERROR - Failed to execute job 24 for task dbt_test (Bash command failed. The command returned a non-zero exit code 1.; 791)
Traceback (most recent call last):
  File "/home/airflow/.local/lib/python3.11/site-packages/airflow/task/task_runner/standard_task_runner.py", line 117, in _start_by_fork
    ret = args.func(args, dag=self.dag)
          ^^^^^^^^^^^^^^^^^^^^^^^^^^^^^
  File "/home/airflow/.local/lib/python3.11/site-packages/airflow/cli/cli_config.py", line 49, in command
    return func(*args, **kwargs)
           ^^^^^^^^^^^^^^^^^^^^^
  File "/home/airflow/.local/lib/python3.11/site-packages/airflow/utils/cli.py", line 116, in wrapper
    return f(*args, **kwargs)
           ^^^^^^^^^^^^^^^^^^
  File "/home/airflow/.local/lib/python3.11/site-packages/airflow/cli/commands/task_command.py", line 483, in task_run
    task_return_code = _run_task_by_selected_method(args, _dag, ti)
                       ^^^^^^^^^^^^^^^^^^^^^^^^^^^^^^^^^^^^^^^^^^^^
  File "/home/airflow/.local/lib/python3.11/site-packages/airflow/cli/commands/task_command.py", line 256, in _run_task_by_selected_method
    return _run_raw_task(args, ti)
           ^^^^^^^^^^^^^^^^^^^^^^^
  File "/home/airflow/.local/lib/python3.11/site-packages/airflow/cli/commands/task_command.py", line 341, in _run_raw_task
    return ti._run_raw_task(
           ^^^^^^^^^^^^^^^^^
  File "/home/airflow/.local/lib/python3.11/site-packages/airflow/utils/session.py", line 97, in wrapper
    return func(*args, session=session, **kwargs)
           ^^^^^^^^^^^^^^^^^^^^^^^^^^^^^^^^^^^^^^
  File "/home/airflow/.local/lib/python3.11/site-packages/airflow/models/taskinstance.py", line 3005, in _run_raw_task
    return _run_raw_task(
           ^^^^^^^^^^^^^^
  File "/home/airflow/.local/lib/python3.11/site-packages/airflow/models/taskinstance.py", line 273, in _run_raw_task
    TaskInstance._execute_task_with_callbacks(
  File "/home/airflow/.local/lib/python3.11/site-packages/airflow/models/taskinstance.py", line 3159, in _execute_task_with_callbacks
    result = self._execute_task(context, task_orig)
             ^^^^^^^^^^^^^^^^^^^^^^^^^^^^^^^^^^^^^^
  File "/home/airflow/.local/lib/python3.11/site-packages/airflow/models/taskinstance.py", line 3183, in _execute_task
    return _execute_task(self, context, task_orig)
           ^^^^^^^^^^^^^^^^^^^^^^^^^^^^^^^^^^^^^^^
  File "/home/airflow/.local/lib/python3.11/site-packages/airflow/models/taskinstance.py", line 767, in _execute_task
    result = _execute_callable(context=context, **execute_callable_kwargs)
             ^^^^^^^^^^^^^^^^^^^^^^^^^^^^^^^^^^^^^^^^^^^^^^^^^^^^^^^^^^^^^
  File "/home/airflow/.local/lib/python3.11/site-packages/airflow/models/taskinstance.py", line 733, in _execute_callable
    return ExecutionCallableRunner(
           ^^^^^^^^^^^^^^^^^^^^^^^^
  File "/home/airflow/.local/lib/python3.11/site-packages/airflow/utils/operator_helpers.py", line 252, in run
    return self.func(*args, **kwargs)
           ^^^^^^^^^^^^^^^^^^^^^^^^^^
  File "/home/airflow/.local/lib/python3.11/site-packages/airflow/models/baseoperator.py", line 417, in wrapper
    return func(self, *args, **kwargs)
           ^^^^^^^^^^^^^^^^^^^^^^^^^^^
  File "/home/airflow/.local/lib/python3.11/site-packages/airflow/operators/bash.py", line 276, in execute
    raise AirflowException(
airflow.exceptions.AirflowException: Bash command failed. The command returned a non-zero exit code 1.
[2026-02-23T18:09:12.740+0000] {local_task_job_runner.py:266} INFO - Task exited with return code 1
[2026-02-23T18:09:12.759+0000] {taskinstance.py:3895} INFO - 0 downstream tasks scheduled from follow-on schedule check
[2026-02-23T18:09:12.762+0000] {local_task_job_runner.py:245} INFO - ::endgroup::
