[2026-02-23T18:04:12.225+0000] {local_task_job_runner.py:123} INFO - ::group::Pre task execution logs
[2026-02-23T18:04:12.242+0000] {taskinstance.py:2613} INFO - Dependencies all met for dep_context=non-requeueable deps ti=<TaskInstance: weather_dbt_pipeline.dbt_test manual__2026-02-23T18:03:59.227436+00:00 [queued]>
[2026-02-23T18:04:12.249+0000] {taskinstance.py:2613} INFO - Dependencies all met for dep_context=requeueable deps ti=<TaskInstance: weather_dbt_pipeline.dbt_test manual__2026-02-23T18:03:59.227436+00:00 [queued]>
[2026-02-23T18:04:12.250+0000] {taskinstance.py:2866} INFO - Starting attempt 1 of 1
[2026-02-23T18:04:12.260+0000] {taskinstance.py:2889} INFO - Executing <Task(BashOperator): dbt_test> on 2026-02-23 18:03:59.227436+00:00
[2026-02-23T18:04:12.265+0000] {standard_task_runner.py:72} INFO - Started process 692 to run task
[2026-02-23T18:04:12.268+0000] {standard_task_runner.py:104} INFO - Running: ['***', 'tasks', 'run', 'weather_dbt_pipeline', 'dbt_test', 'manual__2026-02-23T18:03:59.227436+00:00', '--job-id', '20', '--raw', '--subdir', 'DAGS_FOLDER/weather_dbt_pipeline.py', '--cfg-path', '/tmp/tmpb7ymg98q']
[2026-02-23T18:04:12.270+0000] {standard_task_runner.py:105} INFO - Job 20: Subtask dbt_test
[2026-02-23T18:04:12.330+0000] {task_command.py:467} INFO - Running <TaskInstance: weather_dbt_pipeline.dbt_test manual__2026-02-23T18:03:59.227436+00:00 [running]> on host c6f1f190a75b
[2026-02-23T18:04:12.406+0000] {taskinstance.py:3132} INFO - Exporting env vars: AIRFLOW_CTX_DAG_OWNER='***' AIRFLOW_CTX_DAG_ID='weather_dbt_pipeline' AIRFLOW_CTX_TASK_ID='dbt_test' AIRFLOW_CTX_EXECUTION_DATE='2026-02-23T18:03:59.227436+00:00' AIRFLOW_CTX_TRY_NUMBER='1' AIRFLOW_CTX_DAG_RUN_ID='manual__2026-02-23T18:03:59.227436+00:00'
[2026-02-23T18:04:12.407+0000] {taskinstance.py:731} INFO - ::endgroup::
[2026-02-23T18:04:12.416+0000] {subprocess.py:78} INFO - Tmp dir root location: /tmp
[2026-02-23T18:04:12.418+0000] {subprocess.py:88} INFO - Running command: ['/usr/bin/bash', '-c', '\n        cd $DBT_PROJECT_DIR &&         dbt test --profiles-dir $DBT_PROFILES_DIR\n        ']
[2026-02-23T18:04:12.429+0000] {subprocess.py:99} INFO - Output:
[2026-02-23T18:04:13.910+0000] {subprocess.py:106} INFO - [0m18:04:13  Running with dbt=1.10.7
[2026-02-23T18:04:14.071+0000] {subprocess.py:106} INFO - [0m18:04:14  Registered adapter: postgres=1.9.0
[2026-02-23T18:04:14.507+0000] {subprocess.py:106} INFO - [0m18:04:14  Found 4 models, 14 data tests, 1 source, 435 macros
[2026-02-23T18:04:14.511+0000] {subprocess.py:106} INFO - [0m18:04:14
[2026-02-23T18:04:14.512+0000] {subprocess.py:106} INFO - [0m18:04:14  Concurrency: 1 threads (target='dev')
[2026-02-23T18:04:14.513+0000] {subprocess.py:106} INFO - [0m18:04:14
[2026-02-23T18:04:14.679+0000] {subprocess.py:106} INFO - [0m18:04:14  1 of 14 START test accepted_values_stg_weather_city_name__Kathmandu__Pokhara__Biratnagar__Birgunj  [RUN]
[2026-02-23T18:04:14.744+0000] {subprocess.py:106} INFO - [0m18:04:14  1 of 14 PASS accepted_values_stg_weather_city_name__Kathmandu__Pokhara__Biratnagar__Birgunj  [[32mPASS[0m in 0.06s]
[2026-02-23T18:04:14.748+0000] {subprocess.py:106} INFO - [0m18:04:14  2 of 14 START test dbt_utils_expression_is_true_stg_weather_precipitation_mm__precipitation_mm_0_AND_precipitation_mm_500  [RUN]
[2026-02-23T18:04:14.761+0000] {subprocess.py:106} INFO - [0m18:04:14  2 of 14 ERROR dbt_utils_expression_is_true_stg_weather_precipitation_mm__precipitation_mm_0_AND_precipitation_mm_500  [[31mERROR[0m in 0.01s]
[2026-02-23T18:04:14.764+0000] {subprocess.py:106} INFO - [0m18:04:14  3 of 14 START test dbt_utils_expression_is_true_stg_weather_temp_max_celsius__temp_max_celsius_BETWEEN_50_AND_50  [RUN]
[2026-02-23T18:04:14.774+0000] {subprocess.py:106} INFO - [0m18:04:14  3 of 14 ERROR dbt_utils_expression_is_true_stg_weather_temp_max_celsius__temp_max_celsius_BETWEEN_50_AND_50  [[31mERROR[0m in 0.01s]
[2026-02-23T18:04:14.778+0000] {subprocess.py:106} INFO - [0m18:04:14  4 of 14 START test dbt_utils_expression_is_true_stg_weather_temp_min_celsius__temp_min_celsius_BETWEEN_60_AND_40  [RUN]
[2026-02-23T18:04:14.785+0000] {subprocess.py:106} INFO - [0m18:04:14  4 of 14 ERROR dbt_utils_expression_is_true_stg_weather_temp_min_celsius__temp_min_celsius_BETWEEN_60_AND_40  [[31mERROR[0m in 0.01s]
[2026-02-23T18:04:14.788+0000] {subprocess.py:106} INFO - [0m18:04:14  5 of 14 START test not_null_stg_weather_city_name .............................. [RUN]
[2026-02-23T18:04:14.833+0000] {subprocess.py:106} INFO - [0m18:04:14  5 of 14 PASS not_null_stg_weather_city_name .................................... [[32mPASS[0m in 0.04s]
[2026-02-23T18:04:14.836+0000] {subprocess.py:106} INFO - [0m18:04:14  6 of 14 START test not_null_stg_weather_ingested_at ............................ [RUN]
[2026-02-23T18:04:14.882+0000] {subprocess.py:106} INFO - [0m18:04:14  6 of 14 PASS not_null_stg_weather_ingested_at .................................. [[32mPASS[0m in 0.04s]
[2026-02-23T18:04:14.885+0000] {subprocess.py:106} INFO - [0m18:04:14  7 of 14 START test not_null_stg_weather_latitude ............................... [RUN]
[2026-02-23T18:04:14.929+0000] {subprocess.py:106} INFO - [0m18:04:14  7 of 14 PASS not_null_stg_weather_latitude ..................................... [[32mPASS[0m in 0.04s]
[2026-02-23T18:04:14.933+0000] {subprocess.py:106} INFO - [0m18:04:14  8 of 14 START test not_null_stg_weather_longitude .............................. [RUN]
[2026-02-23T18:04:14.975+0000] {subprocess.py:106} INFO - [0m18:04:14  8 of 14 PASS not_null_stg_weather_longitude .................................... [[32mPASS[0m in 0.04s]
[2026-02-23T18:04:14.978+0000] {subprocess.py:106} INFO - [0m18:04:14  9 of 14 START test not_null_stg_weather_observation_date ....................... [RUN]
[2026-02-23T18:04:15.021+0000] {subprocess.py:106} INFO - [0m18:04:15  9 of 14 PASS not_null_stg_weather_observation_date ............................. [[32mPASS[0m in 0.04s]
[2026-02-23T18:04:15.024+0000] {subprocess.py:106} INFO - [0m18:04:15  10 of 14 START test not_null_stg_weather_precipitation_mm ...................... [RUN]
[2026-02-23T18:04:15.067+0000] {subprocess.py:106} INFO - [0m18:04:15  10 of 14 PASS not_null_stg_weather_precipitation_mm ............................ [[32mPASS[0m in 0.04s]
[2026-02-23T18:04:15.070+0000] {subprocess.py:106} INFO - [0m18:04:15  11 of 14 START test not_null_stg_weather_temp_max_celsius ...................... [RUN]
[2026-02-23T18:04:15.117+0000] {subprocess.py:106} INFO - [0m18:04:15  11 of 14 PASS not_null_stg_weather_temp_max_celsius ............................ [[32mPASS[0m in 0.05s]
[2026-02-23T18:04:15.121+0000] {subprocess.py:106} INFO - [0m18:04:15  12 of 14 START test not_null_stg_weather_temp_min_celsius ...................... [RUN]
[2026-02-23T18:04:15.166+0000] {subprocess.py:106} INFO - [0m18:04:15  12 of 14 PASS not_null_stg_weather_temp_min_celsius ............................ [[32mPASS[0m in 0.04s]
[2026-02-23T18:04:15.170+0000] {subprocess.py:106} INFO - [0m18:04:15  13 of 14 START test not_null_stg_weather_weather_surrogate_key ................. [RUN]
[2026-02-23T18:04:15.215+0000] {subprocess.py:106} INFO - [0m18:04:15  13 of 14 PASS not_null_stg_weather_weather_surrogate_key ....................... [[32mPASS[0m in 0.04s]
[2026-02-23T18:04:15.218+0000] {subprocess.py:106} INFO - [0m18:04:15  14 of 14 START test unique_stg_weather_weather_surrogate_key ................... [RUN]
[2026-02-23T18:04:15.265+0000] {subprocess.py:106} INFO - [0m18:04:15  14 of 14 PASS unique_stg_weather_weather_surrogate_key ......................... [[32mPASS[0m in 0.05s]
[2026-02-23T18:04:15.284+0000] {subprocess.py:106} INFO - [0m18:04:15
[2026-02-23T18:04:15.285+0000] {subprocess.py:106} INFO - [0m18:04:15  Finished running 14 data tests in 0 hours 0 minutes and 0.77 seconds (0.77s).
[2026-02-23T18:04:15.335+0000] {subprocess.py:106} INFO - [0m18:04:15
[2026-02-23T18:04:15.336+0000] {subprocess.py:106} INFO - [0m18:04:15  [31mCompleted with 3 errors, 0 partial successes, and 0 warnings:[0m
[2026-02-23T18:04:15.337+0000] {subprocess.py:106} INFO - [0m18:04:15
[2026-02-23T18:04:15.338+0000] {subprocess.py:106} INFO - [0m18:04:15  [31mFailure in test dbt_utils_expression_is_true_stg_weather_precipitation_mm__precipitation_mm_0_AND_precipitation_mm_500 (models/silver/schema.yml)[0m
[2026-02-23T18:04:15.339+0000] {subprocess.py:106} INFO - [0m18:04:15    Compilation Error in test dbt_utils_expression_is_true_stg_weather_precipitation_mm__precipitation_mm_0_AND_precipitation_mm_500 (models/silver/schema.yml)
[2026-02-23T18:04:15.339+0000] {subprocess.py:106} INFO -   'dbt_utils' is undefined. This can happen when calling a macro that does not exist. Check for typos and/or install package dependencies with "dbt deps".
[2026-02-23T18:04:15.340+0000] {subprocess.py:106} INFO - [0m18:04:15
[2026-02-23T18:04:15.340+0000] {subprocess.py:106} INFO - [0m18:04:15  [31mFailure in test dbt_utils_expression_is_true_stg_weather_temp_max_celsius__temp_max_celsius_BETWEEN_50_AND_50 (models/silver/schema.yml)[0m
[2026-02-23T18:04:15.341+0000] {subprocess.py:106} INFO - [0m18:04:15    Compilation Error in test dbt_utils_expression_is_true_stg_weather_temp_max_celsius__temp_max_celsius_BETWEEN_50_AND_50 (models/silver/schema.yml)
[2026-02-23T18:04:15.342+0000] {subprocess.py:106} INFO -   'dbt_utils' is undefined. This can happen when calling a macro that does not exist. Check for typos and/or install package dependencies with "dbt deps".
[2026-02-23T18:04:15.343+0000] {subprocess.py:106} INFO - [0m18:04:15
[2026-02-23T18:04:15.344+0000] {subprocess.py:106} INFO - [0m18:04:15  [31mFailure in test dbt_utils_expression_is_true_stg_weather_temp_min_celsius__temp_min_celsius_BETWEEN_60_AND_40 (models/silver/schema.yml)[0m
[2026-02-23T18:04:15.344+0000] {subprocess.py:106} INFO - [0m18:04:15    Compilation Error in test dbt_utils_expression_is_true_stg_weather_temp_min_celsius__temp_min_celsius_BETWEEN_60_AND_40 (models/silver/schema.yml)
[2026-02-23T18:04:15.345+0000] {subprocess.py:106} INFO -   'dbt_utils' is undefined. This can happen when calling a macro that does not exist. Check for typos and/or install package dependencies with "dbt deps".
[2026-02-23T18:04:15.345+0000] {subprocess.py:106} INFO - [0m18:04:15
[2026-02-23T18:04:15.346+0000] {subprocess.py:106} INFO - [0m18:04:15  Done. PASS=11 WARN=0 ERROR=3 SKIP=0 NO-OP=0 TOTAL=14
[2026-02-23T18:04:17.733+0000] {subprocess.py:110} INFO - Command exited with return code 1
[2026-02-23T18:04:17.751+0000] {taskinstance.py:3311} ERROR - Task failed with exception
Traceback (most recent call last):
  File "/home/airflow/.local/lib/python3.11/site-packages/airflow/models/taskinstance.py", line 767, in _execute_task
    result = _execute_callable(context=context, **execute_callable_kwargs)
             ^^^^^^^^^^^^^^^^^^^^^^^^^^^^^^^^^^^^^^^^^^^^^^^^^^^^^^^^^^^^^
  File "/home/airflow/.local/lib/python3.11/site-packages/airflow/models/taskinstance.py", line 733, in _execute_callable
    return ExecutionCallableRunner(
           ^^^^^^^^^^^^^^^^^^^^^^^^
  File "/home/airflow/.local/lib/python3.11/site-packages/airflow/utils/operator_helpers.py", line 252, in run
    return self.func(*args, **kwargs)
           ^^^^^^^^^^^^^^^^^^^^^^^^^^
  File "/home/airflow/.local/lib/python3.11/site-packages/airflow/models/baseoperator.py", line 417, in wrapper
    return func(self, *args, **kwargs)
           ^^^^^^^^^^^^^^^^^^^^^^^^^^^
  File "/home/airflow/.local/lib/python3.11/site-packages/airflow/operators/bash.py", line 276, in execute
    raise AirflowException(
airflow.exceptions.AirflowException: Bash command failed. The command returned a non-zero exit code 1.
[2026-02-23T18:04:17.759+0000] {taskinstance.py:1225} INFO - Marking task as FAILED. dag_id=weather_dbt_pipeline, task_id=dbt_test, run_id=manual__2026-02-23T18:03:59.227436+00:00, execution_date=20260223T180359, start_date=20260223T180412, end_date=20260223T180417
[2026-02-23T18:04:17.774+0000] {taskinstance.py:340} INFO - ::group::Post task execution logs
[2026-02-23T18:04:17.775+0000] {standard_task_runner.py:124} ERROR - Failed to execute job 20 for task dbt_test (Bash command failed. The command returned a non-zero exit code 1.; 692)
Traceback (most recent call last):
  File "/home/airflow/.local/lib/python3.11/site-packages/airflow/task/task_runner/standard_task_runner.py", line 117, in _start_by_fork
    ret = args.func(args, dag=self.dag)
          ^^^^^^^^^^^^^^^^^^^^^^^^^^^^^
  File "/home/airflow/.local/lib/python3.11/site-packages/airflow/cli/cli_config.py", line 49, in command
    return func(*args, **kwargs)
           ^^^^^^^^^^^^^^^^^^^^^
  File "/home/airflow/.local/lib/python3.11/site-packages/airflow/utils/cli.py", line 116, in wrapper
    return f(*args, **kwargs)
           ^^^^^^^^^^^^^^^^^^
  File "/home/airflow/.local/lib/python3.11/site-packages/airflow/cli/commands/task_command.py", line 483, in task_run
    task_return_code = _run_task_by_selected_method(args, _dag, ti)
                       ^^^^^^^^^^^^^^^^^^^^^^^^^^^^^^^^^^^^^^^^^^^^
  File "/home/airflow/.local/lib/python3.11/site-packages/airflow/cli/commands/task_command.py", line 256, in _run_task_by_selected_method
    return _run_raw_task(args, ti)
           ^^^^^^^^^^^^^^^^^^^^^^^
  File "/home/airflow/.local/lib/python3.11/site-packages/airflow/cli/commands/task_command.py", line 341, in _run_raw_task
    return ti._run_raw_task(
           ^^^^^^^^^^^^^^^^^
  File "/home/airflow/.local/lib/python3.11/site-packages/airflow/utils/session.py", line 97, in wrapper
    return func(*args, session=session, **kwargs)
           ^^^^^^^^^^^^^^^^^^^^^^^^^^^^^^^^^^^^^^
  File "/home/airflow/.local/lib/python3.11/site-packages/airflow/models/taskinstance.py", line 3005, in _run_raw_task
    return _run_raw_task(
           ^^^^^^^^^^^^^^
  File "/home/airflow/.local/lib/python3.11/site-packages/airflow/models/taskinstance.py", line 273, in _run_raw_task
    TaskInstance._execute_task_with_callbacks(
  File "/home/airflow/.local/lib/python3.11/site-packages/airflow/models/taskinstance.py", line 3159, in _execute_task_with_callbacks
    result = self._execute_task(context, task_orig)
             ^^^^^^^^^^^^^^^^^^^^^^^^^^^^^^^^^^^^^^
  File "/home/airflow/.local/lib/python3.11/site-packages/airflow/models/taskinstance.py", line 3183, in _execute_task
    return _execute_task(self, context, task_orig)
           ^^^^^^^^^^^^^^^^^^^^^^^^^^^^^^^^^^^^^^^
  File "/home/airflow/.local/lib/python3.11/site-packages/airflow/models/taskinstance.py", line 767, in _execute_task
    result = _execute_callable(context=context, **execute_callable_kwargs)
             ^^^^^^^^^^^^^^^^^^^^^^^^^^^^^^^^^^^^^^^^^^^^^^^^^^^^^^^^^^^^^
  File "/home/airflow/.local/lib/python3.11/site-packages/airflow/models/taskinstance.py", line 733, in _execute_callable
    return ExecutionCallableRunner(
           ^^^^^^^^^^^^^^^^^^^^^^^^
  File "/home/airflow/.local/lib/python3.11/site-packages/airflow/utils/operator_helpers.py", line 252, in run
    return self.func(*args, **kwargs)
           ^^^^^^^^^^^^^^^^^^^^^^^^^^
  File "/home/airflow/.local/lib/python3.11/site-packages/airflow/models/baseoperator.py", line 417, in wrapper
    return func(self, *args, **kwargs)
           ^^^^^^^^^^^^^^^^^^^^^^^^^^^
  File "/home/airflow/.local/lib/python3.11/site-packages/airflow/operators/bash.py", line 276, in execute
    raise AirflowException(
airflow.exceptions.AirflowException: Bash command failed. The command returned a non-zero exit code 1.
[2026-02-23T18:04:17.820+0000] {local_task_job_runner.py:266} INFO - Task exited with return code 1
[2026-02-23T18:04:17.847+0000] {taskinstance.py:3895} INFO - 0 downstream tasks scheduled from follow-on schedule check
[2026-02-23T18:04:17.852+0000] {local_task_job_runner.py:245} INFO - ::endgroup::
