[2026-02-23T13:45:33.827+0000] {local_task_job_runner.py:123} INFO - ::group::Pre task execution logs
[2026-02-23T13:45:33.844+0000] {taskinstance.py:2613} INFO - Dependencies all met for dep_context=non-requeueable deps ti=<TaskInstance: weather_dbt_pipeline.dbt_run manual__2026-02-23T13:45:30.733764+00:00 [queued]>
[2026-02-23T13:45:33.851+0000] {taskinstance.py:2613} INFO - Dependencies all met for dep_context=requeueable deps ti=<TaskInstance: weather_dbt_pipeline.dbt_run manual__2026-02-23T13:45:30.733764+00:00 [queued]>
[2026-02-23T13:45:33.852+0000] {taskinstance.py:2866} INFO - Starting attempt 1 of 1
[2026-02-23T13:45:33.861+0000] {taskinstance.py:2889} INFO - Executing <Task(BashOperator): dbt_run> on 2026-02-23 13:45:30.733764+00:00
[2026-02-23T13:45:33.867+0000] {standard_task_runner.py:72} INFO - Started process 302 to run task
[2026-02-23T13:45:33.872+0000] {standard_task_runner.py:104} INFO - Running: ['***', 'tasks', 'run', 'weather_dbt_pipeline', 'dbt_run', 'manual__2026-02-23T13:45:30.733764+00:00', '--job-id', '11', '--raw', '--subdir', 'DAGS_FOLDER/weather_dbt_pipeline.py', '--cfg-path', '/tmp/tmpuiu9gbtf']
[2026-02-23T13:45:33.875+0000] {standard_task_runner.py:105} INFO - Job 11: Subtask dbt_run
[2026-02-23T13:45:33.947+0000] {task_command.py:467} INFO - Running <TaskInstance: weather_dbt_pipeline.dbt_run manual__2026-02-23T13:45:30.733764+00:00 [running]> on host 4c7e7b736f6f
[2026-02-23T13:45:34.033+0000] {taskinstance.py:3132} INFO - Exporting env vars: AIRFLOW_CTX_DAG_OWNER='***' AIRFLOW_CTX_DAG_ID='weather_dbt_pipeline' AIRFLOW_CTX_TASK_ID='dbt_run' AIRFLOW_CTX_EXECUTION_DATE='2026-02-23T13:45:30.733764+00:00' AIRFLOW_CTX_TRY_NUMBER='1' AIRFLOW_CTX_DAG_RUN_ID='manual__2026-02-23T13:45:30.733764+00:00'
[2026-02-23T13:45:34.034+0000] {taskinstance.py:731} INFO - ::endgroup::
[2026-02-23T13:45:34.043+0000] {subprocess.py:78} INFO - Tmp dir root location: /tmp
[2026-02-23T13:45:34.045+0000] {subprocess.py:88} INFO - Running command: ['/usr/bin/bash', '-c', '\n        cd $DBT_PROJECT_DIR &&         dbt run --profiles-dir $DBT_PROFILES_DIR\n        ']
[2026-02-23T13:45:34.061+0000] {subprocess.py:99} INFO - Output:
[2026-02-23T13:45:35.792+0000] {subprocess.py:106} INFO - [0m13:45:35  Running with dbt=1.10.7
[2026-02-23T13:45:35.970+0000] {subprocess.py:106} INFO - [0m13:45:35  Registered adapter: postgres=1.9.0
[2026-02-23T13:45:36.064+0000] {subprocess.py:106} INFO - [0m13:45:36  Unable to do partial parsing because saved manifest not found. Starting full parse.
[2026-02-23T13:45:36.172+0000] {subprocess.py:106} INFO - [0m13:45:36  Encountered an error:
[2026-02-23T13:45:36.172+0000] {subprocess.py:106} INFO - Parsing Error
[2026-02-23T13:45:36.173+0000] {subprocess.py:106} INFO -   Error reading weather_dbt: bronze/sources.yml - Runtime Error
[2026-02-23T13:45:36.174+0000] {subprocess.py:106} INFO -     Syntax error near line 8
[2026-02-23T13:45:36.174+0000] {subprocess.py:106} INFO -     ------------------------------
[2026-02-23T13:45:36.175+0000] {subprocess.py:106} INFO -     5  |     schema: bronze
[2026-02-23T13:45:36.176+0000] {subprocess.py:106} INFO -     6  |     tables:
[2026-02-23T13:45:36.176+0000] {subprocess.py:106} INFO -     7  |       - name: weather_raw
[2026-02-23T13:45:36.177+0000] {subprocess.py:106} INFO -     8  |           description: "Raw weather data ingested from the API, stored in the bronze layer."
[2026-02-23T13:45:36.180+0000] {subprocess.py:106} INFO - 
[2026-02-23T13:45:36.183+0000] {subprocess.py:106} INFO -     Raw Error:
[2026-02-23T13:45:36.184+0000] {subprocess.py:106} INFO -     ------------------------------
[2026-02-23T13:45:36.184+0000] {subprocess.py:106} INFO -     mapping values are not allowed in this context
[2026-02-23T13:45:36.185+0000] {subprocess.py:106} INFO -       in "<unicode string>", line 8, column 22
[2026-02-23T13:45:37.972+0000] {subprocess.py:110} INFO - Command exited with return code 2
[2026-02-23T13:45:37.985+0000] {taskinstance.py:3311} ERROR - Task failed with exception
Traceback (most recent call last):
  File "/home/airflow/.local/lib/python3.11/site-packages/airflow/models/taskinstance.py", line 767, in _execute_task
    result = _execute_callable(context=context, **execute_callable_kwargs)
             ^^^^^^^^^^^^^^^^^^^^^^^^^^^^^^^^^^^^^^^^^^^^^^^^^^^^^^^^^^^^^
  File "/home/airflow/.local/lib/python3.11/site-packages/airflow/models/taskinstance.py", line 733, in _execute_callable
    return ExecutionCallableRunner(
           ^^^^^^^^^^^^^^^^^^^^^^^^
  File "/home/airflow/.local/lib/python3.11/site-packages/airflow/utils/operator_helpers.py", line 252, in run
    return self.func(*args, **kwargs)
           ^^^^^^^^^^^^^^^^^^^^^^^^^^
  File "/home/airflow/.local/lib/python3.11/site-packages/airflow/models/baseoperator.py", line 417, in wrapper
    return func(self, *args, **kwargs)
           ^^^^^^^^^^^^^^^^^^^^^^^^^^^
  File "/home/airflow/.local/lib/python3.11/site-packages/airflow/operators/bash.py", line 276, in execute
    raise AirflowException(
airflow.exceptions.AirflowException: Bash command failed. The command returned a non-zero exit code 2.
[2026-02-23T13:45:37.990+0000] {taskinstance.py:1225} INFO - Marking task as FAILED. dag_id=weather_dbt_pipeline, task_id=dbt_run, run_id=manual__2026-02-23T13:45:30.733764+00:00, execution_date=20260223T134530, start_date=20260223T134533, end_date=20260223T134537
[2026-02-23T13:45:38.005+0000] {taskinstance.py:340} INFO - ::group::Post task execution logs
[2026-02-23T13:45:38.006+0000] {standard_task_runner.py:124} ERROR - Failed to execute job 11 for task dbt_run (Bash command failed. The command returned a non-zero exit code 2.; 302)
Traceback (most recent call last):
  File "/home/airflow/.local/lib/python3.11/site-packages/airflow/task/task_runner/standard_task_runner.py", line 117, in _start_by_fork
    ret = args.func(args, dag=self.dag)
          ^^^^^^^^^^^^^^^^^^^^^^^^^^^^^
  File "/home/airflow/.local/lib/python3.11/site-packages/airflow/cli/cli_config.py", line 49, in command
    return func(*args, **kwargs)
           ^^^^^^^^^^^^^^^^^^^^^
  File "/home/airflow/.local/lib/python3.11/site-packages/airflow/utils/cli.py", line 116, in wrapper
    return f(*args, **kwargs)
           ^^^^^^^^^^^^^^^^^^
  File "/home/airflow/.local/lib/python3.11/site-packages/airflow/cli/commands/task_command.py", line 483, in task_run
    task_return_code = _run_task_by_selected_method(args, _dag, ti)
                       ^^^^^^^^^^^^^^^^^^^^^^^^^^^^^^^^^^^^^^^^^^^^
  File "/home/airflow/.local/lib/python3.11/site-packages/airflow/cli/commands/task_command.py", line 256, in _run_task_by_selected_method
    return _run_raw_task(args, ti)
           ^^^^^^^^^^^^^^^^^^^^^^^
  File "/home/airflow/.local/lib/python3.11/site-packages/airflow/cli/commands/task_command.py", line 341, in _run_raw_task
    return ti._run_raw_task(
           ^^^^^^^^^^^^^^^^^
  File "/home/airflow/.local/lib/python3.11/site-packages/airflow/utils/session.py", line 97, in wrapper
    return func(*args, session=session, **kwargs)
           ^^^^^^^^^^^^^^^^^^^^^^^^^^^^^^^^^^^^^^
  File "/home/airflow/.local/lib/python3.11/site-packages/airflow/models/taskinstance.py", line 3005, in _run_raw_task
    return _run_raw_task(
           ^^^^^^^^^^^^^^
  File "/home/airflow/.local/lib/python3.11/site-packages/airflow/models/taskinstance.py", line 273, in _run_raw_task
    TaskInstance._execute_task_with_callbacks(
  File "/home/airflow/.local/lib/python3.11/site-packages/airflow/models/taskinstance.py", line 3159, in _execute_task_with_callbacks
    result = self._execute_task(context, task_orig)
             ^^^^^^^^^^^^^^^^^^^^^^^^^^^^^^^^^^^^^^
  File "/home/airflow/.local/lib/python3.11/site-packages/airflow/models/taskinstance.py", line 3183, in _execute_task
    return _execute_task(self, context, task_orig)
           ^^^^^^^^^^^^^^^^^^^^^^^^^^^^^^^^^^^^^^^
  File "/home/airflow/.local/lib/python3.11/site-packages/airflow/models/taskinstance.py", line 767, in _execute_task
    result = _execute_callable(context=context, **execute_callable_kwargs)
             ^^^^^^^^^^^^^^^^^^^^^^^^^^^^^^^^^^^^^^^^^^^^^^^^^^^^^^^^^^^^^
  File "/home/airflow/.local/lib/python3.11/site-packages/airflow/models/taskinstance.py", line 733, in _execute_callable
    return ExecutionCallableRunner(
           ^^^^^^^^^^^^^^^^^^^^^^^^
  File "/home/airflow/.local/lib/python3.11/site-packages/airflow/utils/operator_helpers.py", line 252, in run
    return self.func(*args, **kwargs)
           ^^^^^^^^^^^^^^^^^^^^^^^^^^
  File "/home/airflow/.local/lib/python3.11/site-packages/airflow/models/baseoperator.py", line 417, in wrapper
    return func(self, *args, **kwargs)
           ^^^^^^^^^^^^^^^^^^^^^^^^^^^
  File "/home/airflow/.local/lib/python3.11/site-packages/airflow/operators/bash.py", line 276, in execute
    raise AirflowException(
airflow.exceptions.AirflowException: Bash command failed. The command returned a non-zero exit code 2.
[2026-02-23T13:45:38.027+0000] {local_task_job_runner.py:266} INFO - Task exited with return code 1
[2026-02-23T13:45:38.051+0000] {taskinstance.py:3895} INFO - 0 downstream tasks scheduled from follow-on schedule check
[2026-02-23T13:45:38.055+0000] {local_task_job_runner.py:245} INFO - ::endgroup::
