[2026-02-23T14:00:12.550+0000] {local_task_job_runner.py:123} INFO - ::group::Pre task execution logs
[2026-02-23T14:00:12.564+0000] {taskinstance.py:2613} INFO - Dependencies all met for dep_context=non-requeueable deps ti=<TaskInstance: weather_dbt_pipeline.dbt_run manual__2026-02-23T14:00:06.908995+00:00 [queued]>
[2026-02-23T14:00:12.571+0000] {taskinstance.py:2613} INFO - Dependencies all met for dep_context=requeueable deps ti=<TaskInstance: weather_dbt_pipeline.dbt_run manual__2026-02-23T14:00:06.908995+00:00 [queued]>
[2026-02-23T14:00:12.572+0000] {taskinstance.py:2866} INFO - Starting attempt 1 of 1
[2026-02-23T14:00:12.581+0000] {taskinstance.py:2889} INFO - Executing <Task(BashOperator): dbt_run> on 2026-02-23 14:00:06.908995+00:00
[2026-02-23T14:00:12.586+0000] {standard_task_runner.py:72} INFO - Started process 194 to run task
[2026-02-23T14:00:12.588+0000] {standard_task_runner.py:104} INFO - Running: ['***', 'tasks', 'run', 'weather_dbt_pipeline', 'dbt_run', 'manual__2026-02-23T14:00:06.908995+00:00', '--job-id', '4', '--raw', '--subdir', 'DAGS_FOLDER/weather_dbt_pipeline.py', '--cfg-path', '/tmp/tmplkfl2mh0']
[2026-02-23T14:00:12.590+0000] {standard_task_runner.py:105} INFO - Job 4: Subtask dbt_run
[2026-02-23T14:00:12.644+0000] {task_command.py:467} INFO - Running <TaskInstance: weather_dbt_pipeline.dbt_run manual__2026-02-23T14:00:06.908995+00:00 [running]> on host 0dfe855493e3
[2026-02-23T14:00:12.717+0000] {taskinstance.py:3132} INFO - Exporting env vars: AIRFLOW_CTX_DAG_OWNER='***' AIRFLOW_CTX_DAG_ID='weather_dbt_pipeline' AIRFLOW_CTX_TASK_ID='dbt_run' AIRFLOW_CTX_EXECUTION_DATE='2026-02-23T14:00:06.908995+00:00' AIRFLOW_CTX_TRY_NUMBER='1' AIRFLOW_CTX_DAG_RUN_ID='manual__2026-02-23T14:00:06.908995+00:00'
[2026-02-23T14:00:12.718+0000] {taskinstance.py:731} INFO - ::endgroup::
[2026-02-23T14:00:12.728+0000] {subprocess.py:78} INFO - Tmp dir root location: /tmp
[2026-02-23T14:00:12.729+0000] {subprocess.py:88} INFO - Running command: ['/usr/bin/bash', '-c', '\n        cd $DBT_PROJECT_DIR &&         dbt run --profiles-dir $DBT_PROFILES_DIR\n        ']
[2026-02-23T14:00:12.740+0000] {subprocess.py:99} INFO - Output:
[2026-02-23T14:00:14.486+0000] {subprocess.py:106} INFO - [0m14:00:14  Running with dbt=1.10.7
[2026-02-23T14:00:14.664+0000] {subprocess.py:106} INFO - [0m14:00:14  Registered adapter: postgres=1.9.0
[2026-02-23T14:00:14.738+0000] {subprocess.py:106} INFO - [0m14:00:14  Unable to do partial parsing because saved manifest not found. Starting full parse.
[2026-02-23T14:00:14.829+0000] {subprocess.py:106} INFO - [0m14:00:14  Encountered an error:
[2026-02-23T14:00:14.830+0000] {subprocess.py:106} INFO - Parsing Error
[2026-02-23T14:00:14.830+0000] {subprocess.py:106} INFO -   Error reading weather_dbt: bronze/sources.yml - Runtime Error
[2026-02-23T14:00:14.831+0000] {subprocess.py:106} INFO -     Syntax error near line 8
[2026-02-23T14:00:14.831+0000] {subprocess.py:106} INFO -     ------------------------------
[2026-02-23T14:00:14.832+0000] {subprocess.py:106} INFO -     5  |     schema: bronze
[2026-02-23T14:00:14.833+0000] {subprocess.py:106} INFO -     6  |     tables:
[2026-02-23T14:00:14.833+0000] {subprocess.py:106} INFO -     7  |       - name: weather_raw
[2026-02-23T14:00:14.834+0000] {subprocess.py:106} INFO -     8  |           description: "Raw weather data ingested from the API, stored in the bronze layer."
[2026-02-23T14:00:14.834+0000] {subprocess.py:106} INFO - 
[2026-02-23T14:00:14.835+0000] {subprocess.py:106} INFO -     Raw Error:
[2026-02-23T14:00:14.835+0000] {subprocess.py:106} INFO -     ------------------------------
[2026-02-23T14:00:14.836+0000] {subprocess.py:106} INFO -     mapping values are not allowed in this context
[2026-02-23T14:00:14.836+0000] {subprocess.py:106} INFO -       in "<unicode string>", line 8, column 22
[2026-02-23T14:00:16.338+0000] {subprocess.py:110} INFO - Command exited with return code 2
[2026-02-23T14:00:16.349+0000] {taskinstance.py:3311} ERROR - Task failed with exception
Traceback (most recent call last):
  File "/home/airflow/.local/lib/python3.11/site-packages/airflow/models/taskinstance.py", line 767, in _execute_task
    result = _execute_callable(context=context, **execute_callable_kwargs)
             ^^^^^^^^^^^^^^^^^^^^^^^^^^^^^^^^^^^^^^^^^^^^^^^^^^^^^^^^^^^^^
  File "/home/airflow/.local/lib/python3.11/site-packages/airflow/models/taskinstance.py", line 733, in _execute_callable
    return ExecutionCallableRunner(
           ^^^^^^^^^^^^^^^^^^^^^^^^
  File "/home/airflow/.local/lib/python3.11/site-packages/airflow/utils/operator_helpers.py", line 252, in run
    return self.func(*args, **kwargs)
           ^^^^^^^^^^^^^^^^^^^^^^^^^^
  File "/home/airflow/.local/lib/python3.11/site-packages/airflow/models/baseoperator.py", line 417, in wrapper
    return func(self, *args, **kwargs)
           ^^^^^^^^^^^^^^^^^^^^^^^^^^^
  File "/home/airflow/.local/lib/python3.11/site-packages/airflow/operators/bash.py", line 276, in execute
    raise AirflowException(
airflow.exceptions.AirflowException: Bash command failed. The command returned a non-zero exit code 2.
[2026-02-23T14:00:16.353+0000] {taskinstance.py:1225} INFO - Marking task as FAILED. dag_id=weather_dbt_pipeline, task_id=dbt_run, run_id=manual__2026-02-23T14:00:06.908995+00:00, execution_date=20260223T140006, start_date=20260223T140012, end_date=20260223T140016
[2026-02-23T14:00:16.365+0000] {taskinstance.py:340} INFO - ::group::Post task execution logs
[2026-02-23T14:00:16.366+0000] {standard_task_runner.py:124} ERROR - Failed to execute job 4 for task dbt_run (Bash command failed. The command returned a non-zero exit code 2.; 194)
Traceback (most recent call last):
  File "/home/airflow/.local/lib/python3.11/site-packages/airflow/task/task_runner/standard_task_runner.py", line 117, in _start_by_fork
    ret = args.func(args, dag=self.dag)
          ^^^^^^^^^^^^^^^^^^^^^^^^^^^^^
  File "/home/airflow/.local/lib/python3.11/site-packages/airflow/cli/cli_config.py", line 49, in command
    return func(*args, **kwargs)
           ^^^^^^^^^^^^^^^^^^^^^
  File "/home/airflow/.local/lib/python3.11/site-packages/airflow/utils/cli.py", line 116, in wrapper
    return f(*args, **kwargs)
           ^^^^^^^^^^^^^^^^^^
  File "/home/airflow/.local/lib/python3.11/site-packages/airflow/cli/commands/task_command.py", line 483, in task_run
    task_return_code = _run_task_by_selected_method(args, _dag, ti)
                       ^^^^^^^^^^^^^^^^^^^^^^^^^^^^^^^^^^^^^^^^^^^^
  File "/home/airflow/.local/lib/python3.11/site-packages/airflow/cli/commands/task_command.py", line 256, in _run_task_by_selected_method
    return _run_raw_task(args, ti)
           ^^^^^^^^^^^^^^^^^^^^^^^
  File "/home/airflow/.local/lib/python3.11/site-packages/airflow/cli/commands/task_command.py", line 341, in _run_raw_task
    return ti._run_raw_task(
           ^^^^^^^^^^^^^^^^^
  File "/home/airflow/.local/lib/python3.11/site-packages/airflow/utils/session.py", line 97, in wrapper
    return func(*args, session=session, **kwargs)
           ^^^^^^^^^^^^^^^^^^^^^^^^^^^^^^^^^^^^^^
  File "/home/airflow/.local/lib/python3.11/site-packages/airflow/models/taskinstance.py", line 3005, in _run_raw_task
    return _run_raw_task(
           ^^^^^^^^^^^^^^
  File "/home/airflow/.local/lib/python3.11/site-packages/airflow/models/taskinstance.py", line 273, in _run_raw_task
    TaskInstance._execute_task_with_callbacks(
  File "/home/airflow/.local/lib/python3.11/site-packages/airflow/models/taskinstance.py", line 3159, in _execute_task_with_callbacks
    result = self._execute_task(context, task_orig)
             ^^^^^^^^^^^^^^^^^^^^^^^^^^^^^^^^^^^^^^
  File "/home/airflow/.local/lib/python3.11/site-packages/airflow/models/taskinstance.py", line 3183, in _execute_task
    return _execute_task(self, context, task_orig)
           ^^^^^^^^^^^^^^^^^^^^^^^^^^^^^^^^^^^^^^^
  File "/home/airflow/.local/lib/python3.11/site-packages/airflow/models/taskinstance.py", line 767, in _execute_task
    result = _execute_callable(context=context, **execute_callable_kwargs)
             ^^^^^^^^^^^^^^^^^^^^^^^^^^^^^^^^^^^^^^^^^^^^^^^^^^^^^^^^^^^^^
  File "/home/airflow/.local/lib/python3.11/site-packages/airflow/models/taskinstance.py", line 733, in _execute_callable
    return ExecutionCallableRunner(
           ^^^^^^^^^^^^^^^^^^^^^^^^
  File "/home/airflow/.local/lib/python3.11/site-packages/airflow/utils/operator_helpers.py", line 252, in run
    return self.func(*args, **kwargs)
           ^^^^^^^^^^^^^^^^^^^^^^^^^^
  File "/home/airflow/.local/lib/python3.11/site-packages/airflow/models/baseoperator.py", line 417, in wrapper
    return func(self, *args, **kwargs)
           ^^^^^^^^^^^^^^^^^^^^^^^^^^^
  File "/home/airflow/.local/lib/python3.11/site-packages/airflow/operators/bash.py", line 276, in execute
    raise AirflowException(
airflow.exceptions.AirflowException: Bash command failed. The command returned a non-zero exit code 2.
[2026-02-23T14:00:16.413+0000] {local_task_job_runner.py:266} INFO - Task exited with return code 1
[2026-02-23T14:00:16.431+0000] {taskinstance.py:3895} INFO - 0 downstream tasks scheduled from follow-on schedule check
[2026-02-23T14:00:16.435+0000] {local_task_job_runner.py:245} INFO - ::endgroup::
